Performing C SOURCE FILE Test CMAKE_HAVE_LIBC_PTHREAD failed with the following output:
Change Dir: /home/student/Desktop/CSI_6_ART_CW2/dlib-19.17.0/build/temp.linux-x86_64-3.8/CMakeFiles/CMakeTmp

Run Build Command(s):/usr/bin/make cmTC_aa81d/fast && /usr/bin/make -f CMakeFiles/cmTC_aa81d.dir/build.make CMakeFiles/cmTC_aa81d.dir/build
make[1]: Entering directory '/home/student/Desktop/CSI_6_ART_CW2/dlib-19.17.0/build/temp.linux-x86_64-3.8/CMakeFiles/CMakeTmp'
Building C object CMakeFiles/cmTC_aa81d.dir/src.c.o
/usr/bin/cc   -DCMAKE_HAVE_LIBC_PTHREAD -fPIE   -o CMakeFiles/cmTC_aa81d.dir/src.c.o   -c /home/student/Desktop/CSI_6_ART_CW2/dlib-19.17.0/build/temp.linux-x86_64-3.8/CMakeFiles/CMakeTmp/src.c
Linking C executable cmTC_aa81d
/usr/bin/cmake -E cmake_link_script CMakeFiles/cmTC_aa81d.dir/link.txt --verbose=1
/usr/bin/cc  -DCMAKE_HAVE_LIBC_PTHREAD    -rdynamic CMakeFiles/cmTC_aa81d.dir/src.c.o  -o cmTC_aa81d 
/usr/bin/ld: CMakeFiles/cmTC_aa81d.dir/src.c.o: in function `main':
src.c:(.text+0x46): undefined reference to `pthread_create'
/usr/bin/ld: src.c:(.text+0x52): undefined reference to `pthread_detach'
/usr/bin/ld: src.c:(.text+0x63): undefined reference to `pthread_join'
collect2: error: ld returned 1 exit status
make[1]: *** [CMakeFiles/cmTC_aa81d.dir/build.make:87: cmTC_aa81d] Error 1
make[1]: Leaving directory '/home/student/Desktop/CSI_6_ART_CW2/dlib-19.17.0/build/temp.linux-x86_64-3.8/CMakeFiles/CMakeTmp'
make: *** [Makefile:121: cmTC_aa81d/fast] Error 2


Source file was:
#include <pthread.h>

void* test_func(void* data)
{
  return data;
}

int main(void)
{
  pthread_t thread;
  pthread_create(&thread, NULL, test_func, NULL);
  pthread_detach(thread);
  pthread_join(thread, NULL);
  pthread_atfork(NULL, NULL, NULL);
  pthread_exit(NULL);

  return 0;
}

Determining if the function pthread_create exists in the pthreads failed with the following output:
Change Dir: /home/student/Desktop/CSI_6_ART_CW2/dlib-19.17.0/build/temp.linux-x86_64-3.8/CMakeFiles/CMakeTmp

Run Build Command(s):/usr/bin/make cmTC_f97cf/fast && /usr/bin/make -f CMakeFiles/cmTC_f97cf.dir/build.make CMakeFiles/cmTC_f97cf.dir/build
make[1]: Entering directory '/home/student/Desktop/CSI_6_ART_CW2/dlib-19.17.0/build/temp.linux-x86_64-3.8/CMakeFiles/CMakeTmp'
Building C object CMakeFiles/cmTC_f97cf.dir/CheckFunctionExists.c.o
/usr/bin/cc   -DCHECK_FUNCTION_EXISTS=pthread_create -fPIE   -o CMakeFiles/cmTC_f97cf.dir/CheckFunctionExists.c.o   -c /usr/share/cmake-3.16/Modules/CheckFunctionExists.c
Linking C executable cmTC_f97cf
/usr/bin/cmake -E cmake_link_script CMakeFiles/cmTC_f97cf.dir/link.txt --verbose=1
/usr/bin/cc  -DCHECK_FUNCTION_EXISTS=pthread_create    -rdynamic CMakeFiles/cmTC_f97cf.dir/CheckFunctionExists.c.o  -o cmTC_f97cf  -lpthreads 
/usr/bin/ld: cannot find -lpthreads
collect2: error: ld returned 1 exit status
make[1]: *** [CMakeFiles/cmTC_f97cf.dir/build.make:87: cmTC_f97cf] Error 1
make[1]: Leaving directory '/home/student/Desktop/CSI_6_ART_CW2/dlib-19.17.0/build/temp.linux-x86_64-3.8/CMakeFiles/CMakeTmp'
make: *** [Makefile:121: cmTC_f97cf/fast] Error 2



Determining if the function sgemm_ exists failed with the following output:
Change Dir: /home/student/Desktop/CSI_6_ART_CW2/dlib-19.17.0/build/temp.linux-x86_64-3.8/CMakeFiles/CMakeTmp

Run Build Command(s):/usr/bin/make cmTC_6f66e/fast && /usr/bin/make -f CMakeFiles/cmTC_6f66e.dir/build.make CMakeFiles/cmTC_6f66e.dir/build
make[1]: Entering directory '/home/student/Desktop/CSI_6_ART_CW2/dlib-19.17.0/build/temp.linux-x86_64-3.8/CMakeFiles/CMakeTmp'
Building C object CMakeFiles/cmTC_6f66e.dir/CheckFunctionExists.c.o
/usr/bin/cc   -DCHECK_FUNCTION_EXISTS=sgemm_ -fPIE   -o CMakeFiles/cmTC_6f66e.dir/CheckFunctionExists.c.o   -c /usr/share/cmake-3.16/Modules/CheckFunctionExists.c
Linking C executable cmTC_6f66e
/usr/bin/cmake -E cmake_link_script CMakeFiles/cmTC_6f66e.dir/link.txt --verbose=1
/usr/bin/cc  -DCHECK_FUNCTION_EXISTS=sgemm_    -rdynamic CMakeFiles/cmTC_6f66e.dir/CheckFunctionExists.c.o  -o cmTC_6f66e 
/usr/bin/ld: CMakeFiles/cmTC_6f66e.dir/CheckFunctionExists.c.o: in function `main':
CheckFunctionExists.c:(.text+0x14): undefined reference to `sgemm_'
collect2: error: ld returned 1 exit status
make[1]: *** [CMakeFiles/cmTC_6f66e.dir/build.make:87: cmTC_6f66e] Error 1
make[1]: Leaving directory '/home/student/Desktop/CSI_6_ART_CW2/dlib-19.17.0/build/temp.linux-x86_64-3.8/CMakeFiles/CMakeTmp'
make: *** [Makefile:121: cmTC_6f66e/fast] Error 2



